0.03	1	NOUN	_
0.03	1	ADV	_
0.03	1	VERB	_
0.03	1	ADJ	_
0.03	1	CONJ	_
0.03	1	PRE	_
0.03	1	NUME	_
0.03	1	PRON	_
0.03	1	PUNCT	_
2.00	2	NOUN	та
2.00	2	NOUN	идиомсем
1.00	1	NOUN	наука
1.00	1	NOUN	тата
1.00	1	CONJ	тата
1.00	1	ADV	пула
1.00	1	NOUN	кунта
1.00	1	VERB	пултараççĕ
1.00	1	NOUN	те
1.00	1	CONJ	те
1.00	1	ADJ	чăваш
1.00	1	ADJ	Унашкал
1.00	1	VERB	пайланусем
1.00	1	NOUN	пĕр-пĕринпе
1.00	1	NOUN	мая
1.00	1	CONJ	те,
1.00	1	ADJ	питĕ
1.00	1	ADJ	меллĕ
1.00	1	NOUN	Диалектсем
1.00	1	ADJ	вакрах
2.00	2	PRE	çине
1.00	1	NOUN	калаçусем
1.00	1	VERB	пайланаççĕ
1.00	1	NUME	Хăш
1.00	1	NOUN	чухне
1.00	1	PRON	вĕсене
1.00	1	NOUN	пуплевсем
1.00	1	NOUN	тени
1.00	1	VERB	пулать
2.00	2	PUNCT	.
1.00	1	VERB	тухакан
1.00	1	ADJ	массăллă
1.00	1	NOUN	информаци
1.00	1	NOUN	хатĕрĕсем
